<?xml version="1.0" encoding="UTF-8"?>
<!-- Generated by org.testng.reporters.JUnitReportReporter -->
<testsuite hostname="LAPTOP-0RCROCO4" failures="0" tests="1" name="TestRunner.RunTest" time="30.022" errors="0" timestamp="2021-11-25T11:20:02 EST" skipped="0">
  <testcase classname="TestRunner.RunTest" name="runScenario" time="30.022"/>
  <system-out/>
</testsuite> <!-- TestRunner.RunTest -->
